2022-10-06 22:32:56,868 INFO o.a.j.u.JMeterUtils: Setting Locale to en_EN
2022-10-06 22:32:56,908 INFO o.a.j.JMeter: Loading user properties from: C:\Program Files\apache-jmeter-5.5\bin\user.properties
2022-10-06 22:32:56,909 INFO o.a.j.JMeter: Loading system properties from: C:\Program Files\apache-jmeter-5.5\bin\system.properties
2022-10-06 22:32:56,921 INFO o.a.j.JMeter: Copyright (c) 1998-2022 The Apache Software Foundation
2022-10-06 22:32:56,921 INFO o.a.j.JMeter: Version 5.5
2022-10-06 22:32:56,921 INFO o.a.j.JMeter: java.version=11.0.16
2022-10-06 22:32:56,921 INFO o.a.j.JMeter: java.vm.name=Java HotSpot(TM) 64-Bit Server VM
2022-10-06 22:32:56,922 INFO o.a.j.JMeter: os.name=Windows 11
2022-10-06 22:32:56,922 INFO o.a.j.JMeter: os.arch=amd64
2022-10-06 22:32:56,922 INFO o.a.j.JMeter: os.version=10.0
2022-10-06 22:32:56,922 INFO o.a.j.JMeter: file.encoding=Cp1252
2022-10-06 22:32:56,922 INFO o.a.j.JMeter: java.awt.headless=true
2022-10-06 22:32:56,923 INFO o.a.j.JMeter: Max memory     =1073741824
2022-10-06 22:32:56,923 INFO o.a.j.JMeter: Available Processors =4
2022-10-06 22:32:56,940 INFO o.a.j.JMeter: Default Locale=English (EN)
2022-10-06 22:32:56,940 INFO o.a.j.JMeter: JMeter  Locale=English (EN)
2022-10-06 22:32:56,940 INFO o.a.j.JMeter: JMeterHome=C:\Program Files\apache-jmeter-5.5
2022-10-06 22:32:56,940 INFO o.a.j.JMeter: user.dir  =G:\SQA\jmeter_project\Dmoney_api_test_with_jmeter
2022-10-06 22:32:56,941 INFO o.a.j.JMeter: PWD       =G:\SQA\jmeter_project\Dmoney_api_test_with_jmeter
2022-10-06 22:32:56,946 INFO o.a.j.JMeter: IP: 192.168.0.105 Name: DESKTOP-FIKF1TN FullName: DESKTOP-FIKF1TN
2022-10-06 22:32:56,972 INFO o.a.j.JMeter: Setting property 'jmeter.reportgenerator.outputdir' to:'G:\SQA\jmeter_project\Dmoney_api_test_with_jmeter\report_dir'
2022-10-06 22:32:56,975 INFO o.a.j.s.FileServer: Default base='G:\SQA\jmeter_project\Dmoney_api_test_with_jmeter'
2022-10-06 22:32:56,976 INFO o.a.j.s.FileServer: Set new base='G:\SQA\jmeter_project\Dmoney_api_test_with_jmeter'
2022-10-06 22:32:57,256 INFO o.a.j.s.SaveService: Testplan (JMX) version: 2.2. Testlog (JTL) version: 2.2
2022-10-06 22:32:57,285 INFO o.a.j.s.SaveService: Using SaveService properties version 5.0
2022-10-06 22:32:57,289 INFO o.a.j.s.SaveService: Using SaveService properties file encoding UTF-8
2022-10-06 22:32:57,293 INFO o.a.j.s.SaveService: Loading file: Dmoney_api.jmx
2022-10-06 22:32:57,374 INFO o.a.j.p.h.s.HTTPSamplerBase: Parser for text/html is org.apache.jmeter.protocol.http.parser.LagartoBasedHtmlParser
2022-10-06 22:32:57,374 INFO o.a.j.p.h.s.HTTPSamplerBase: Parser for application/xhtml+xml is org.apache.jmeter.protocol.http.parser.LagartoBasedHtmlParser
2022-10-06 22:32:57,374 INFO o.a.j.p.h.s.HTTPSamplerBase: Parser for application/xml is org.apache.jmeter.protocol.http.parser.LagartoBasedHtmlParser
2022-10-06 22:32:57,374 INFO o.a.j.p.h.s.HTTPSamplerBase: Parser for text/xml is org.apache.jmeter.protocol.http.parser.LagartoBasedHtmlParser
2022-10-06 22:32:57,374 INFO o.a.j.p.h.s.HTTPSamplerBase: Parser for text/vnd.wap.wml is org.apache.jmeter.protocol.http.parser.RegexpHTMLParser
2022-10-06 22:32:57,374 INFO o.a.j.p.h.s.HTTPSamplerBase: Parser for text/css is org.apache.jmeter.protocol.http.parser.CssParser
2022-10-06 22:32:57,442 INFO o.a.j.JMeter: Creating summariser <summary>
2022-10-06 22:32:57,448 INFO o.a.j.r.d.ReportGenerator: ReportGenerator will use for Parsing the separator: ','
2022-10-06 22:32:57,449 INFO o.a.j.r.d.ReportGenerator: Will generate report at end of test from  results file: test.jtl
2022-10-06 22:32:57,449 INFO o.a.j.r.d.ReportGenerator: Reading report generator properties from: C:\Program Files\apache-jmeter-5.5\bin\reportgenerator.properties
2022-10-06 22:32:57,450 INFO o.a.j.r.d.ReportGenerator: Merging with JMeter properties
2022-10-06 22:32:57,455 INFO o.a.j.r.c.ReportGeneratorConfiguration: Property 'jmeter.reportgenerator.temp_dir' not found, using default value 'temp' instead.
2022-10-06 22:32:57,459 INFO o.a.j.r.c.ReportGeneratorConfiguration: Property 'jmeter.reportgenerator.apdex_per_transaction' not found, using default value 'null' instead.
2022-10-06 22:32:57,459 INFO o.a.j.r.c.ReportGeneratorConfiguration: apdex_per_transaction is empty, not APDEX per transaction customization
2022-10-06 22:32:57,460 INFO o.a.j.r.c.ReportGeneratorConfiguration: Property 'jmeter.reportgenerator.sample_filter' not found, using default value 'null' instead.
2022-10-06 22:32:57,460 INFO o.a.j.r.c.ReportGeneratorConfiguration: Property 'jmeter.reportgenerator.report_title' not found, using default value 'null' instead.
2022-10-06 22:32:57,460 INFO o.a.j.r.c.ReportGeneratorConfiguration: Property 'jmeter.reportgenerator.start_date' not found, using default value 'null' instead.
2022-10-06 22:32:57,460 INFO o.a.j.r.c.ReportGeneratorConfiguration: Property 'jmeter.reportgenerator.end_date' not found, using default value 'null' instead.
2022-10-06 22:32:57,460 INFO o.a.j.r.c.ReportGeneratorConfiguration: Property 'jmeter.reportgenerator.date_format' not found, using default value 'null' instead.
2022-10-06 22:32:57,461 INFO o.a.j.r.c.ReportGeneratorConfiguration: Will use date range start date: null, end date: null
2022-10-06 22:32:57,466 INFO o.a.j.r.c.ReportGeneratorConfiguration: Property 'jmeter.reportgenerator.graph.totalTPS.exclude_controllers' not found, using default value 'false' instead.
2022-10-06 22:32:57,467 INFO o.a.j.r.c.ReportGeneratorConfiguration: Property 'jmeter.reportgenerator.graph.activeThreadsOverTime.exclude_controllers' not found, using default value 'false' instead.
2022-10-06 22:32:57,467 INFO o.a.j.r.c.ReportGeneratorConfiguration: Property 'jmeter.reportgenerator.graph.timeVsThreads.exclude_controllers' not found, using default value 'false' instead.
2022-10-06 22:32:57,467 INFO o.a.j.r.c.ReportGeneratorConfiguration: Property 'jmeter.reportgenerator.graph.responseTimeDistribution.exclude_controllers' not found, using default value 'false' instead.
2022-10-06 22:32:57,467 INFO o.a.j.r.c.ReportGeneratorConfiguration: Property 'jmeter.reportgenerator.graph.transactionsPerSecond.exclude_controllers' not found, using default value 'false' instead.
2022-10-06 22:32:57,468 INFO o.a.j.r.c.ReportGeneratorConfiguration: Property 'jmeter.reportgenerator.graph.responseTimePercentiles.exclude_controllers' not found, using default value 'false' instead.
2022-10-06 22:32:57,468 INFO o.a.j.r.c.ReportGeneratorConfiguration: Property 'jmeter.reportgenerator.graph.responseTimePercentilesOverTime.exclude_controllers' not found, using default value 'false' instead.
2022-10-06 22:32:57,468 INFO o.a.j.r.c.ReportGeneratorConfiguration: Property 'jmeter.reportgenerator.graph.responseTimesOverTime.exclude_controllers' not found, using default value 'false' instead.
2022-10-06 22:32:57,469 INFO o.a.j.r.c.ReportGeneratorConfiguration: Property 'jmeter.reportgenerator.graph.connectTimeOverTime.exclude_controllers' not found, using default value 'false' instead.
2022-10-06 22:32:57,469 INFO o.a.j.r.c.ReportGeneratorConfiguration: Property 'jmeter.reportgenerator.graph.latenciesOverTime.exclude_controllers' not found, using default value 'false' instead.
2022-10-06 22:32:57,470 INFO o.a.j.r.c.ReportGeneratorConfiguration: Property 'jmeter.reportgenerator.exporter.json.filters_only_sample_series' not found, using default value 'true' instead.
2022-10-06 22:32:57,471 INFO o.a.j.r.c.ReportGeneratorConfiguration: Property 'jmeter.reportgenerator.exporter.json.series_filter' not found, using default value '' instead.
2022-10-06 22:32:57,471 INFO o.a.j.r.c.ReportGeneratorConfiguration: Property 'jmeter.reportgenerator.exporter.json.show_controllers_only' not found, using default value 'false' instead.
2022-10-06 22:32:57,471 INFO o.a.j.r.c.ReportGeneratorConfiguration: Property 'jmeter.reportgenerator.exporter.html.filters_only_sample_series' not found, using default value 'true' instead.
2022-10-06 22:32:57,472 INFO o.a.j.r.c.ReportGeneratorConfiguration: Property 'jmeter.reportgenerator.exporter.html.series_filter' not found, using default value '' instead.
2022-10-06 22:32:57,472 INFO o.a.j.r.c.ReportGeneratorConfiguration: Property 'jmeter.reportgenerator.exporter.html.show_controllers_only' not found, using default value 'false' instead.
2022-10-06 22:32:57,490 INFO o.a.j.e.StandardJMeterEngine: Running the test!
2022-10-06 22:32:57,491 INFO o.a.j.s.SampleEvent: List of sample_variables: []
2022-10-06 22:32:57,491 INFO o.a.j.s.SampleEvent: List of sample_variables: []
2022-10-06 22:32:57,502 INFO o.a.j.e.u.CompoundVariable: Note: Function class names must contain the string: '.functions.'
2022-10-06 22:32:57,503 INFO o.a.j.e.u.CompoundVariable: Note: Function class names must not contain the string: '.gui.'
2022-10-06 22:32:58,048 INFO o.a.j.JMeter: Running test (1665073978048)
2022-10-06 22:32:58,077 INFO o.a.j.e.StandardJMeterEngine: Starting ThreadGroup: 1 : Thread Group
2022-10-06 22:32:58,078 INFO o.a.j.e.StandardJMeterEngine: Starting 10 threads for group Thread Group.
2022-10-06 22:32:58,078 INFO o.a.j.e.StandardJMeterEngine: Thread will continue on error
2022-10-06 22:32:58,078 INFO o.a.j.t.ThreadGroup: Starting thread group... number=1 threads=10 ramp-up=5 delayedStart=false
2022-10-06 22:32:58,117 INFO o.a.j.t.ThreadGroup: Started thread group number 1
2022-10-06 22:32:58,117 INFO o.a.j.e.StandardJMeterEngine: All thread groups have been started
2022-10-06 22:32:58,235 INFO o.a.j.t.JMeterThread: Thread started: Thread Group 1-1
2022-10-06 22:32:58,283 INFO o.a.j.p.h.s.HTTPHCAbstractImpl: Local host = DESKTOP-FIKF1TN
2022-10-06 22:32:58,298 INFO o.a.j.p.h.s.HTTPHC4Impl: HTTP request retry count = 0
2022-10-06 22:32:58,301 INFO o.a.j.s.SampleResult: Note: Sample TimeStamps are START times
2022-10-06 22:32:58,301 INFO o.a.j.s.SampleResult: sampleresult.default.encoding is set to ISO-8859-1
2022-10-06 22:32:58,301 INFO o.a.j.s.SampleResult: sampleresult.useNanoTime=true
2022-10-06 22:32:58,301 INFO o.a.j.s.SampleResult: sampleresult.nanoThreadSleep=5000
2022-10-06 22:32:58,690 INFO o.a.j.t.JMeterThread: Thread is done: Thread Group 1-1
2022-10-06 22:32:58,691 INFO o.a.j.t.JMeterThread: Thread finished: Thread Group 1-1
2022-10-06 22:32:58,718 INFO o.a.j.t.JMeterThread: Thread started: Thread Group 1-2
2022-10-06 22:32:58,856 INFO o.a.j.t.JMeterThread: Thread is done: Thread Group 1-2
2022-10-06 22:32:58,856 INFO o.a.j.t.JMeterThread: Thread finished: Thread Group 1-2
2022-10-06 22:32:59,226 INFO o.a.j.t.JMeterThread: Thread started: Thread Group 1-3
2022-10-06 22:32:59,357 INFO o.a.j.t.JMeterThread: Thread is done: Thread Group 1-3
2022-10-06 22:32:59,357 INFO o.a.j.t.JMeterThread: Thread finished: Thread Group 1-3
2022-10-06 22:32:59,709 INFO o.a.j.t.JMeterThread: Thread started: Thread Group 1-4
2022-10-06 22:32:59,848 INFO o.a.j.t.JMeterThread: Thread is done: Thread Group 1-4
2022-10-06 22:32:59,848 INFO o.a.j.t.JMeterThread: Thread finished: Thread Group 1-4
2022-10-06 22:33:00,206 INFO o.a.j.t.JMeterThread: Thread started: Thread Group 1-5
2022-10-06 22:33:00,232 INFO o.a.j.r.Summariser: summary +     29 in 00:00:02 =   13.3/s Avg:    20 Min:    11 Max:    86 Err:     0 (0.00%) Active: 1 Started: 5 Finished: 4
2022-10-06 22:33:00,338 INFO o.a.j.t.JMeterThread: Thread is done: Thread Group 1-5
2022-10-06 22:33:00,338 INFO o.a.j.t.JMeterThread: Thread finished: Thread Group 1-5
2022-10-06 22:33:00,705 INFO o.a.j.t.JMeterThread: Thread started: Thread Group 1-6
2022-10-06 22:33:00,832 INFO o.a.j.t.JMeterThread: Thread is done: Thread Group 1-6
2022-10-06 22:33:00,832 INFO o.a.j.t.JMeterThread: Thread finished: Thread Group 1-6
2022-10-06 22:33:01,211 INFO o.a.j.t.JMeterThread: Thread started: Thread Group 1-7
2022-10-06 22:33:01,346 INFO o.a.j.t.JMeterThread: Thread is done: Thread Group 1-7
2022-10-06 22:33:01,346 INFO o.a.j.t.JMeterThread: Thread finished: Thread Group 1-7
2022-10-06 22:33:01,703 INFO o.a.j.t.JMeterThread: Thread started: Thread Group 1-8
2022-10-06 22:33:01,832 INFO o.a.j.t.JMeterThread: Thread is done: Thread Group 1-8
2022-10-06 22:33:01,832 INFO o.a.j.t.JMeterThread: Thread finished: Thread Group 1-8
2022-10-06 22:33:02,201 INFO o.a.j.t.JMeterThread: Thread started: Thread Group 1-9
2022-10-06 22:33:02,320 INFO o.a.j.t.JMeterThread: Thread is done: Thread Group 1-9
2022-10-06 22:33:02,320 INFO o.a.j.t.JMeterThread: Thread finished: Thread Group 1-9
2022-10-06 22:33:02,692 INFO o.a.j.t.JMeterThread: Thread started: Thread Group 1-10
2022-10-06 22:33:02,816 INFO o.a.j.t.JMeterThread: Thread is done: Thread Group 1-10
2022-10-06 22:33:02,817 INFO o.a.j.t.JMeterThread: Thread finished: Thread Group 1-10
2022-10-06 22:33:02,817 INFO o.a.j.e.StandardJMeterEngine: Notifying test listeners of end of test
2022-10-06 22:33:02,819 INFO o.a.j.r.Summariser: summary +     41 in 00:00:03 =   15.8/s Avg:    16 Min:     9 Max:    32 Err:     0 (0.00%) Active: 0 Started: 10 Finished: 10
2022-10-06 22:33:02,820 INFO o.a.j.r.Summariser: summary =     70 in 00:00:05 =   14.7/s Avg:    18 Min:     9 Max:    86 Err:     0 (0.00%)
2022-10-06 22:33:02,820 INFO o.a.j.JMeter: Generating Dashboard
2022-10-06 22:33:02,820 INFO o.a.j.r.d.ReportGenerator: Flushing result collector before report Generation
2022-10-06 22:33:02,844 INFO o.a.j.r.p.NormalizerSampleConsumer: Using format, 'ms', to parse timeStamp field
2022-10-06 22:33:03,046 INFO o.a.j.r.p.AbstractSampleConsumer: class org.apache.jmeter.report.processor.AggregateConsumer#stopProducing(): beginDate produced 0 samples
2022-10-06 22:33:03,047 INFO o.a.j.r.p.AbstractSampleConsumer: class org.apache.jmeter.report.processor.AggregateConsumer#stopProducing(): endDate produced 0 samples
2022-10-06 22:33:03,051 INFO o.a.j.r.p.AbstractSampleConsumer: class org.apache.jmeter.report.processor.ApdexSummaryConsumer#stopProducing(): apdexSummary produced 0 samples
2022-10-06 22:33:03,051 INFO o.a.j.r.p.AbstractSampleConsumer: class org.apache.jmeter.report.processor.RequestsSummaryConsumer#stopProducing(): requestsSummary produced 0 samples
2022-10-06 22:33:03,060 INFO o.a.j.r.p.AbstractSampleConsumer: class org.apache.jmeter.report.processor.StatisticsSummaryConsumer#stopProducing(): statisticsSummary produced 0 samples
2022-10-06 22:33:03,063 INFO o.a.j.r.p.AbstractSampleConsumer: class org.apache.jmeter.report.processor.Top5ErrorsBySamplerConsumer#stopProducing(): top5ErrorsBySampler produced 0 samples
2022-10-06 22:33:03,064 INFO o.a.j.r.p.AbstractSampleConsumer: class org.apache.jmeter.report.processor.ErrorsSummaryConsumer#stopProducing(): errorsSummary produced 0 samples
2022-10-06 22:33:03,064 INFO o.a.j.r.p.AbstractSampleConsumer: class org.apache.jmeter.report.processor.graph.impl.HitsPerSecondGraphConsumer#stopProducing(): hitsPerSecond produced 0 samples
2022-10-06 22:33:03,096 INFO o.a.j.r.p.AbstractSampleConsumer: class org.apache.jmeter.report.processor.graph.impl.LatencyVSRequestGraphConsumer#stopProducing(): latencyVsRequest produced 0 samples
2022-10-06 22:33:03,098 INFO o.a.j.r.p.AbstractSampleConsumer: class org.apache.jmeter.report.processor.graph.impl.SyntheticResponseTimeDistributionGraphConsumer#stopProducing(): syntheticResponseTimeDistribution produced 0 samples
2022-10-06 22:33:03,100 INFO o.a.j.r.p.AbstractSampleConsumer: class org.apache.jmeter.report.processor.graph.impl.BytesThroughputGraphConsumer#stopProducing(): bytesThroughputOverTime produced 0 samples
2022-10-06 22:33:03,100 INFO o.a.j.r.p.AbstractSampleConsumer: class org.apache.jmeter.report.processor.graph.impl.CodesPerSecondGraphConsumer#stopProducing(): codesPerSecond produced 0 samples
2022-10-06 22:33:03,115 INFO o.a.j.r.p.AbstractSampleConsumer: class org.apache.jmeter.report.processor.graph.impl.ResponseTimeVSRequestGraphConsumer#stopProducing(): responseTimeVsRequest produced 0 samples
2022-10-06 22:33:03,115 INFO o.a.j.r.p.AbstractSampleConsumer: class org.apache.jmeter.report.processor.FilterConsumer#stopProducing(): startIntervalControlerFilter produced 490 samples
2022-10-06 22:33:03,116 INFO o.a.j.r.p.AbstractSampleConsumer: class org.apache.jmeter.report.processor.graph.impl.TotalTPSGraphConsumer#stopProducing(): totalTPS produced 0 samples
2022-10-06 22:33:03,116 INFO o.a.j.r.p.AbstractSampleConsumer: class org.apache.jmeter.report.processor.graph.impl.ActiveThreadsGraphConsumer#stopProducing(): activeThreadsOverTime produced 0 samples
2022-10-06 22:33:03,116 INFO o.a.j.r.p.AbstractSampleConsumer: class org.apache.jmeter.report.processor.graph.impl.TimeVSThreadGraphConsumer#stopProducing(): timeVsThreads produced 0 samples
2022-10-06 22:33:03,117 INFO o.a.j.r.p.AbstractSampleConsumer: class org.apache.jmeter.report.processor.graph.impl.ResponseTimeDistributionGraphConsumer#stopProducing(): responseTimeDistribution produced 0 samples
2022-10-06 22:33:03,117 INFO o.a.j.r.p.AbstractSampleConsumer: class org.apache.jmeter.report.processor.graph.impl.TransactionsPerSecondGraphConsumer#stopProducing(): transactionsPerSecond produced 0 samples
2022-10-06 22:33:03,118 INFO o.a.j.r.p.AbstractSampleConsumer: class org.apache.jmeter.report.processor.graph.impl.ResponseTimePercentilesGraphConsumer#stopProducing(): responseTimePercentiles produced 0 samples
2022-10-06 22:33:03,122 INFO o.a.j.r.p.AbstractSampleConsumer: class org.apache.jmeter.report.processor.graph.impl.ResponseTimePercentilesOverTimeGraphConsumer#stopProducing(): responseTimePercentilesOverTime produced 0 samples
2022-10-06 22:33:03,122 INFO o.a.j.r.p.AbstractSampleConsumer: class org.apache.jmeter.report.processor.graph.impl.ResponseTimeOverTimeGraphConsumer#stopProducing(): responseTimesOverTime produced 0 samples
2022-10-06 22:33:03,123 INFO o.a.j.r.p.AbstractSampleConsumer: class org.apache.jmeter.report.processor.graph.impl.ConnectTimeOverTimeGraphConsumer#stopProducing(): connectTimeOverTime produced 0 samples
2022-10-06 22:33:03,123 INFO o.a.j.r.p.AbstractSampleConsumer: class org.apache.jmeter.report.processor.graph.impl.LatencyOverTimeGraphConsumer#stopProducing(): latenciesOverTime produced 0 samples
2022-10-06 22:33:03,123 INFO o.a.j.r.p.AbstractSampleConsumer: class org.apache.jmeter.report.processor.FilterConsumer#stopProducing(): nameFilter produced 1050 samples
2022-10-06 22:33:03,123 INFO o.a.j.r.p.AbstractSampleConsumer: class org.apache.jmeter.report.processor.FilterConsumer#stopProducing(): dateRangeFilter produced 210 samples
2022-10-06 22:33:03,123 INFO o.a.j.r.p.AbstractSampleConsumer: class org.apache.jmeter.report.processor.NormalizerSampleConsumer#stopProducing(): normalizer produced 70 samples
2022-10-06 22:33:03,124 INFO o.a.j.r.p.CsvFileSampleSource: produce(): 70 samples produced in 246ms on channel 0
2022-10-06 22:33:03,124 INFO o.a.j.r.d.ReportGenerator: Exporting data using exporter:'json' of className:'org.apache.jmeter.report.dashboard.JsonExporter'
2022-10-06 22:33:03,321 INFO o.a.j.r.d.JsonExporter: Found data for consumer statisticsSummary in context
2022-10-06 22:33:03,321 INFO o.a.j.r.d.JsonExporter: Creating statistics for overall
2022-10-06 22:33:03,321 INFO o.a.j.r.d.JsonExporter: Creating statistics for other transactions
2022-10-06 22:33:03,322 INFO o.a.j.r.d.JsonExporter: Checking output folder
2022-10-06 22:33:03,323 INFO o.a.j.r.d.JsonExporter: Writing statistics JSON to G:\SQA\jmeter_project\Dmoney_api_test_with_jmeter\report_dir\statistics.json
2022-10-06 22:33:03,395 INFO o.a.j.r.d.ReportGenerator: Exporting data using exporter:'html' of className:'org.apache.jmeter.report.dashboard.HtmlTemplateExporter'
2022-10-06 22:33:03,401 INFO o.a.j.r.d.HtmlTemplateExporter: Will generate dashboard in folder: G:\SQA\jmeter_project\Dmoney_api_test_with_jmeter\report_dir
2022-10-06 22:33:03,582 INFO o.a.j.r.d.HtmlTemplateExporter: Report will be generated in: G:\SQA\jmeter_project\Dmoney_api_test_with_jmeter\report_dir, creating folder structure
2022-10-06 22:33:03,586 INFO o.a.j.r.d.TemplateVisitor: Copying folder from 'C:\Program Files\apache-jmeter-5.5\bin\report-template' to 'G:\SQA\jmeter_project\Dmoney_api_test_with_jmeter\report_dir', got message: G:\SQA\jmeter_project\Dmoney_api_test_with_jmeter\report_dir, found non empty folder with following content [G:\SQA\jmeter_project\Dmoney_api_test_with_jmeter\report_dir\statistics.json], will be ignored
2022-10-06 22:33:04,230 INFO o.a.j.JMeter: Dashboard generated
